<?xml version="1.0" encoding="UTF-8"?>
<testsuite xmlns:xsi="http://www.w3.org/2001/XMLSchema-instance" xsi:noNamespaceSchemaLocation="https://maven.apache.org/surefire/maven-surefire-plugin/xsd/surefire-test-report-3.0.xsd" version="3.0" name="com.voltstore.VoltStoreApplicationTest" time="2.533" tests="1" errors="0" skipped="0" failures="0">
  <properties>
[...]
</properties>
  <testcase name="contextLoads" classname="com.voltstore.VoltStoreApplicationTest" time="0.641">
    <system-out><![CDATA[
  .   ____          _            __ _ _
 /\\ / ___'_ __ _ _(_)_ __  __ _ \ \ \ \
( ( )\___ | '_ | '_| | '_ \/ _` | \ \ \ \
 \\/  ___)| |_)| | | | | || (_| |  ) ) ) )
  '  |____| .__|_| |_|_| |_\__, | / / / /
 =========|_|==============|___/=/_/_/_/
 :: Spring Boot ::                (v3.2.0)

2026-05-20T20:56:07.110+05:30  INFO 8180 --- [           main] com.voltstore.VoltStoreApplicationTest   : Starting VoltStoreApplicationTest using Java 21.0.11 with PID 8180 (started by abhiram in C:\Users\abhiram\voltstore)
2026-05-20T20:56:07.113+05:30  INFO 8180 --- [           main] com.voltstore.VoltStoreApplicationTest   : No active profile set, falling back to 1 default profile: "default"
2026-05-20T20:56:08.030+05:30  INFO 8180 --- [           main] o.s.b.a.w.s.WelcomePageHandlerMapping    : Adding welcome page template: index
2026-05-20T20:56:08.194+05:30  INFO 8180 --- [           main] o.s.s.web.DefaultSecurityFilterChain     : Will secure any request with [org.springframework.security.web.session.DisableEncodeUrlFilter@d2e6b0b, org.springframework.security.web.context.request.async.WebAsyncManagerIntegrationFilter@1f1cddf3, org.springframework.security.web.context.SecurityContextHolderFilter@2acdcce8, org.springframework.security.web.header.HeaderWriterFilter@239f017e, org.springframework.web.filter.CorsFilter@228bda54, org.springframework.security.web.authentication.logout.LogoutFilter@2cd4e16a, org.springframework.security.web.authentication.UsernamePasswordAuthenticationFilter@267cde2e, org.springframework.security.web.savedrequest.RequestCacheAwareFilter@3f598450, org.springframework.security.web.servletapi.SecurityContextHolderAwareRequestFilter@2db2a05f, org.springframework.security.web.authentication.AnonymousAuthenticationFilter@75b6dd5b, org.springframework.security.web.access.ExceptionTranslationFilter@2d85fb64, org.springframework.security.web.access.intercept.AuthorizationFilter@3625a016]
2026-05-20T20:56:08.474+05:30  INFO 8180 --- [           main] com.voltstore.VoltStoreApplicationTest   : Started VoltStoreApplicationTest in 1.606 seconds (process running for 2.329)
]]></system-out>
    <system-err><![CDATA[WARNING: A Java agent has been loaded dynamically (C:\Users\abhiram\.m2\repository\net\bytebuddy\byte-buddy-agent\1.14.10\byte-buddy-agent-1.14.10.jar)
WARNING: If a serviceability tool is in use, please run with -XX:+EnableDynamicAgentLoading to hide this warning
WARNING: If a serviceability tool is not in use, please run with -Djdk.instrument.traceUsage for more information
WARNING: Dynamic loading of agents will be disallowed by default in a future release
]]></system-err>
  </testcase>
</testsuite>